<?xml version="1.0" encoding="UTF-8"?>
<!-- Generated by org.testng.reporters.JUnitReportReporter -->
<testsuite hostname="SJD-VPPTS-323" name="com.mycompany.app.MyFirstTest" tests="1" failures="0" timestamp="29 Oct 2013 10:54:15 GMT" time="7.625" errors="0">
  <testcase name="testGoogle" time="7.625" classname="com.mycompany.app.MyFirstTest"/>
</testsuite> <!-- com.mycompany.app.MyFirstTest -->
